========================================================
  SMC SIGNAL — 2026-04-01 20:54:53 UTC
========================================================
  Symbol     : BTC/USDT
  Timeframe  : 15m
  Context    : Bullish
  Liq sweep  : Above highs (high)
  Structure  : BEARISH MBOS @ 68610.0000
  Signal     : SHORT 🔴
  Entry zone : 68610.0 – 68746.25
  Stop Loss  : 69036.8
  Take Profit: 67960.78
  Reason     : Swept High @ 68786.0000, closed back below, then BEARISH MBOS @ 68610.0000 confirmed → bearish continuation expected
========================================================

========================================================
  SMC SIGNAL — 2026-04-01 20:54:55 UTC
========================================================
  Symbol     : BTC/USDT
  Timeframe  : 1h
  Context    : Bullish
  Liq sweep  : Above highs (high)
  Structure  : BEARISH MBOS @ 68389.2100
  Signal     : SHORT 🔴
  Entry zone : 68389.21 – 68456.02
  Stop Loss  : 68893.02
  Take Profit: 67481.8
  Reason     : Swept High @ 68589.4900, closed back below, then BEARISH MBOS @ 68389.2100 confirmed → bearish continuation expected
========================================================

========================================================
  SMC SIGNAL — 2026-04-01 20:54:57 UTC
========================================================
  Symbol     : BNB/USDT
  Timeframe  : 15m
  Context    : Bullish
  Liq sweep  : Above highs (equal high)
  Structure  : BEARISH BOS @ 612.3600
  Signal     : SHORT 🔴
  Entry zone : 612.36 – 615.03
  Stop Loss  : 618.45
  Take Profit: 604.18
  Reason     : Swept Equal High @ 616.2900, closed back below, then BEARISH BOS @ 612.3600 confirmed → bearish continuation expected
========================================================

========================================================
  SMC SIGNAL — 2026-04-01 20:57:49 UTC
========================================================
  Symbol     : BTC/USDT
  Timeframe  : 15m
  Context    : Bullish
  Liq sweep  : Above highs (high)
  Structure  : BEARISH MBOS @ 68610.0000
  Signal     : SHORT 🔴
  Entry zone : 68610.0 – 68746.25
  Stop Loss  : 69036.8
  Take Profit: 67960.78
  Reason     : Swept High @ 68786.0000, closed back below, then BEARISH MBOS @ 68610.0000 confirmed → bearish continuation expected
========================================================

========================================================
  SMC SIGNAL — 2026-04-01 20:57:50 UTC
========================================================
  Symbol     : BTC/USDT
  Timeframe  : 1h
  Context    : Bullish
  Liq sweep  : Above highs (high)
  Structure  : BEARISH MBOS @ 68389.2100
  Signal     : SHORT 🔴
  Entry zone : 68389.21 – 68456.02
  Stop Loss  : 68893.02
  Take Profit: 67481.8
  Reason     : Swept High @ 68589.4900, closed back below, then BEARISH MBOS @ 68389.2100 confirmed → bearish continuation expected
========================================================

========================================================
  SMC SIGNAL — 2026-04-01 20:57:51 UTC
========================================================
  Symbol     : BNB/USDT
  Timeframe  : 15m
  Context    : Bullish
  Liq sweep  : Above highs (equal high)
  Structure  : BEARISH BOS @ 612.3600
  Signal     : SHORT 🔴
  Entry zone : 612.36 – 615.03
  Stop Loss  : 618.45
  Take Profit: 604.18
  Reason     : Swept Equal High @ 616.2900, closed back below, then BEARISH BOS @ 612.3600 confirmed → bearish continuation expected
========================================================

========================================================
  SMC SIGNAL — 2026-04-02 06:55:52 UTC
========================================================
  Symbol     : ETH/USDT
  Timeframe  : 1h
  Context    : Bullish
  Liq sweep  : Above highs (high)
  Structure  : BEARISH BOS @ 2108.7200
  Signal     : SHORT 🔴
  Entry zone : 2108.72 – 2137.21
  Stop Loss  : 2172.19
  Take Profit: 2024.52
  Reason     : Swept High @ 2158.0000, closed back below, then BEARISH BOS @ 2108.7200 confirmed → bearish continuation expected
========================================================

